\BOOKMARK [0][-]{chapter.1}{\376\377\0001\000\040\000P\000l\000a\000u\000d\000e\000r\000k\000i\000s\000t\000e\000\040}{}% 1
\BOOKMARK [1][-]{section.1.1}{\376\377\0001\000.\0001\000\040\000P\000l\000a\000u\000d\000e\000r\000k\000i\000s\000t\000e\000\040\040\023\000\040\000P\000e\000e\000r\000-\000t\000o\000-\000P\000e\000e\000r\000\040\000C\000h\000a\000t\000\040\000f\000\374\000r\000\040\000l\000o\000k\000a\000l\000e\000\040\000N\000e\000t\000z\000w\000e\000r\000k\000e}{chapter.1}% 2
\BOOKMARK [2][-]{subsection.1.1.1}{\376\377\0001\000.\0001\000.\0001\000\040\000T\000e\000a\000m}{section.1.1}% 3
\BOOKMARK [2][-]{subsection.1.1.2}{\376\377\0001\000.\0001\000.\0002\000\040\000P\000r\000o\000j\000e\000k\000t\000b\000e\000s\000c\000h\000r\000e\000i\000b\000u\000n\000g}{section.1.1}% 4
\BOOKMARK [2][-]{subsection.1.1.3}{\376\377\0001\000.\0001\000.\0003\000\040\000H\000a\000u\000p\000t\000f\000u\000n\000k\000t\000i\000o\000n\000e\000n}{section.1.1}% 5
\BOOKMARK [2][-]{subsection.1.1.4}{\376\377\0001\000.\0001\000.\0004\000\040\000T\000e\000c\000h\000n\000i\000s\000c\000h\000e\000r\000\040\000A\000n\000s\000a\000t\000z}{section.1.1}% 6
\BOOKMARK [2][-]{subsection.1.1.5}{\376\377\0001\000.\0001\000.\0005\000\040\000B\000e\000d\000i\000e\000n\000u\000n\000g}{section.1.1}% 7
\BOOKMARK [2][-]{subsection.1.1.6}{\376\377\0001\000.\0001\000.\0006\000\040\000A\000r\000c\000h\000i\000t\000e\000k\000t\000u\000r\000d\000i\000a\000g\000r\000a\000m\000m}{section.1.1}% 8
\BOOKMARK [2][-]{subsection.1.1.7}{\376\377\0001\000.\0001\000.\0007\000\040\000C\000L\000I\000-\000S\000c\000r\000e\000e\000n\000s\000h\000o\000t\000s}{section.1.1}% 9
\BOOKMARK [2][-]{subsection.1.1.8}{\376\377\0001\000.\0001\000.\0008\000\040\000D\000e\000t\000a\000i\000l\000l\000i\000e\000r\000t\000e\000r\000\040\000A\000u\000f\000b\000a\000u}{section.1.1}% 10
\BOOKMARK [2][-]{subsection.1.1.9}{\376\377\0001\000.\0001\000.\0009\000\040\000W\000i\000c\000h\000t\000i\000g\000e\000\040\000D\000e\000s\000i\000g\000n\000e\000n\000t\000s\000c\000h\000e\000i\000d\000u\000n\000g\000e\000n\000\040\000u\000n\000d\000\040\000H\000e\000r\000a\000u\000s\000f\000o\000r\000d\000e\000r\000u\000n\000g\000e\000n}{section.1.1}% 11
\BOOKMARK [2][-]{subsection.1.1.10}{\376\377\0001\000.\0001\000.\0001\0000\000\040\000B\000e\000k\000a\000n\000n\000t\000e\000\040\000P\000r\000o\000b\000l\000e\000m\000e\000\040\000\046\000\040\000H\000i\000n\000w\000e\000i\000s\000e}{section.1.1}% 12
\BOOKMARK [3][-]{subsubsection.1.1.10.1}{\376\377\0001\000.\0001\000.\0001\0000\000.\0001\000\040\000W\000i\000n\000d\000o\000w\000s\000-\000s\000p\000e\000z\000i\000f\000i\000s\000c\000h\000e\000\040\000E\000i\000n\000s\000c\000h\000r\000\344\000n\000k\000u\000n\000g\000e\000n}{subsection.1.1.10}% 13
\BOOKMARK [3][-]{subsubsection.1.1.10.2}{\376\377\0001\000.\0001\000.\0001\0000\000.\0002\000\040\000A\000l\000l\000g\000e\000m\000e\000i\000n\000e\000\040\000H\000i\000n\000w\000e\000i\000s\000e}{subsection.1.1.10}% 14
\BOOKMARK [0][-]{chapter.2}{\376\377\0002\000\040\000V\000e\000r\000z\000e\000i\000c\000h\000n\000i\000s\000\040\000d\000e\000r\000\040\000N\000a\000m\000e\000n\000s\000b\000e\000r\000e\000i\000c\000h\000e}{}% 15
\BOOKMARK [1][-]{section.2.1}{\376\377\0002\000.\0001\000\040\000L\000i\000s\000t\000e\000\040\000a\000l\000l\000e\000r\000\040\000N\000a\000m\000e\000n\000s\000b\000e\000r\000e\000i\000c\000h\000e}{chapter.2}% 16
\BOOKMARK [0][-]{chapter.3}{\376\377\0003\000\040\000D\000a\000t\000e\000i\000-\000V\000e\000r\000z\000e\000i\000c\000h\000n\000i\000s}{}% 17
\BOOKMARK [1][-]{section.3.1}{\376\377\0003\000.\0001\000\040\000A\000u\000f\000l\000i\000s\000t\000u\000n\000g\000\040\000d\000e\000r\000\040\000D\000a\000t\000e\000i\000e\000n}{chapter.3}% 18
\BOOKMARK [0][-]{chapter.4}{\376\377\0004\000\040\000D\000o\000k\000u\000m\000e\000n\000t\000a\000t\000i\000o\000n\000\040\000d\000e\000r\000\040\000N\000a\000m\000e\000n\000s\000b\000e\000r\000e\000i\000c\000h\000e}{}% 19
\BOOKMARK [1][-]{section.4.1}{\376\377\0004\000.\0001\000\040\000d\000a\000t\000a\000\137\000m\000a\000n\000a\000g\000e\000r\000-\000N\000a\000m\000e\000n\000s\000b\000e\000r\000e\000i\000c\000h\000s\000r\000e\000f\000e\000r\000e\000n\000z}{chapter.4}% 20
\BOOKMARK [2][-]{subsection.4.1.1}{\376\377\0004\000.\0001\000.\0001\000\040\000A\000u\000s\000f\000\374\000h\000r\000l\000i\000c\000h\000e\000\040\000B\000e\000s\000c\000h\000r\000e\000i\000b\000u\000n\000g}{section.4.1}% 21
\BOOKMARK [2][-]{subsection.4.1.2}{\376\377\0004\000.\0001\000.\0002\000\040\000D\000o\000k\000u\000m\000e\000n\000t\000a\000t\000i\000o\000n\000\040\000d\000e\000r\000\040\000F\000u\000n\000k\000t\000i\000o\000n\000e\000n}{section.4.1}% 22
\BOOKMARK [3][-]{subsubsection.4.1.2.1}{\376\377\0004\000.\0001\000.\0002\000.\0001\000\040\000a\000d\000d\000\137\000m\000e\000s\000s\000a\000g\000e\000\050\000\051}{subsection.4.1.2}% 23
\BOOKMARK [3][-]{subsubsection.4.1.2.2}{\376\377\0004\000.\0001\000.\0002\000.\0002\000\040\000r\000e\000l\000o\000a\000d\000\137\000c\000o\000n\000f\000i\000g\000\050\000\051}{subsection.4.1.2}% 24
\BOOKMARK [3][-]{subsubsection.4.1.2.3}{\376\377\0004\000.\0001\000.\0002\000.\0003\000\040\000s\000a\000v\000e\000\137\000h\000i\000s\000t\000o\000r\000y\000\050\000\051}{subsection.4.1.2}% 25
\BOOKMARK [1][-]{section.4.2}{\376\377\0004\000.\0002\000\040\000d\000i\000s\000c\000o\000v\000e\000r\000y\000\137\000c\000o\000m\000m\000-\000N\000a\000m\000e\000n\000s\000b\000e\000r\000e\000i\000c\000h\000s\000r\000e\000f\000e\000r\000e\000n\000z}{chapter.4}% 26
\BOOKMARK [2][-]{subsection.4.2.1}{\376\377\0004\000.\0002\000.\0001\000\040\000A\000u\000s\000f\000\374\000h\000r\000l\000i\000c\000h\000e\000\040\000B\000e\000s\000c\000h\000r\000e\000i\000b\000u\000n\000g}{section.4.2}% 27
\BOOKMARK [2][-]{subsection.4.2.2}{\376\377\0004\000.\0002\000.\0002\000\040\000D\000o\000k\000u\000m\000e\000n\000t\000a\000t\000i\000o\000n\000\040\000d\000e\000r\000\040\000F\000u\000n\000k\000t\000i\000o\000n\000e\000n}{section.4.2}% 28
\BOOKMARK [3][-]{subsubsection.4.2.2.1}{\376\377\0004\000.\0002\000.\0002\000.\0001\000\040\000d\000i\000s\000c\000o\000v\000e\000r\000y\000\137\000s\000e\000r\000v\000i\000c\000e\000\050\000\051}{subsection.4.2.2}% 29
\BOOKMARK [1][-]{section.4.3}{\376\377\0004\000.\0003\000\040\000n\000e\000t\000w\000o\000r\000k\000\137\000c\000o\000m\000m\000-\000N\000a\000m\000e\000n\000s\000b\000e\000r\000e\000i\000c\000h\000s\000r\000e\000f\000e\000r\000e\000n\000z}{chapter.4}% 30
\BOOKMARK [2][-]{subsection.4.3.1}{\376\377\0004\000.\0003\000.\0001\000\040\000A\000u\000s\000f\000\374\000h\000r\000l\000i\000c\000h\000e\000\040\000B\000e\000s\000c\000h\000r\000e\000i\000b\000u\000n\000g}{section.4.3}% 31
\BOOKMARK [2][-]{subsection.4.3.2}{\376\377\0004\000.\0003\000.\0002\000\040\000D\000o\000k\000u\000m\000e\000n\000t\000a\000t\000i\000o\000n\000\040\000d\000e\000r\000\040\000F\000u\000n\000k\000t\000i\000o\000n\000e\000n}{section.4.3}% 32
\BOOKMARK [3][-]{subsubsection.4.3.2.1}{\376\377\0004\000.\0003\000.\0002\000.\0001\000\040\000n\000e\000t\000w\000o\000r\000k\000\137\000s\000e\000r\000v\000i\000c\000e\000\050\000\051}{subsection.4.3.2}% 33
\BOOKMARK [1][-]{section.4.4}{\376\377\0004\000.\0004\000\040\000s\000t\000a\000r\000t\000-\000N\000a\000m\000e\000n\000s\000b\000e\000r\000e\000i\000c\000h\000s\000r\000e\000f\000e\000r\000e\000n\000z}{chapter.4}% 34
\BOOKMARK [2][-]{subsection.4.4.1}{\376\377\0004\000.\0004\000.\0001\000\040\000A\000u\000s\000f\000\374\000h\000r\000l\000i\000c\000h\000e\000\040\000B\000e\000s\000c\000h\000r\000e\000i\000b\000u\000n\000g}{section.4.4}% 35
\BOOKMARK [2][-]{subsection.4.4.2}{\376\377\0004\000.\0004\000.\0002\000\040\000D\000o\000k\000u\000m\000e\000n\000t\000a\000t\000i\000o\000n\000\040\000d\000e\000r\000\040\000F\000u\000n\000k\000t\000i\000o\000n\000e\000n}{section.4.4}% 36
\BOOKMARK [3][-]{subsubsection.4.4.2.1}{\376\377\0004\000.\0004\000.\0002\000.\0001\000\040\000m\000a\000i\000n\000\050\000\051}{subsection.4.4.2}% 37
\BOOKMARK [1][-]{section.4.5}{\376\377\0004\000.\0005\000\040\000u\000i\000\137\000c\000l\000i\000-\000N\000a\000m\000e\000n\000s\000b\000e\000r\000e\000i\000c\000h\000s\000r\000e\000f\000e\000r\000e\000n\000z}{chapter.4}% 38
\BOOKMARK [2][-]{subsection.4.5.1}{\376\377\0004\000.\0005\000.\0001\000\040\000A\000u\000s\000f\000\374\000h\000r\000l\000i\000c\000h\000e\000\040\000B\000e\000s\000c\000h\000r\000e\000i\000b\000u\000n\000g}{section.4.5}% 39
\BOOKMARK [2][-]{subsection.4.5.2}{\376\377\0004\000.\0005\000.\0002\000\040\000D\000o\000k\000u\000m\000e\000n\000t\000a\000t\000i\000o\000n\000\040\000d\000e\000r\000\040\000F\000u\000n\000k\000t\000i\000o\000n\000e\000n}{section.4.5}% 40
\BOOKMARK [3][-]{subsubsection.4.5.2.1}{\376\377\0004\000.\0005\000.\0002\000.\0001\000\040\000p\000r\000i\000n\000t\000\137\000h\000e\000l\000p\000\050\000\051}{subsection.4.5.2}% 41
\BOOKMARK [3][-]{subsubsection.4.5.2.2}{\376\377\0004\000.\0005\000.\0002\000.\0002\000\040\000p\000r\000i\000n\000t\000\137\000s\000t\000a\000t\000u\000s\000\050\000\051}{subsection.4.5.2}% 42
\BOOKMARK [3][-]{subsubsection.4.5.2.3}{\376\377\0004\000.\0005\000.\0002\000.\0003\000\040\000s\000t\000a\000r\000t\000\137\000c\000l\000i\000\050\000\051}{subsection.4.5.2}% 43
\BOOKMARK [3][-]{subsubsection.4.5.2.4}{\376\377\0004\000.\0005\000.\0002\000.\0004\000\040\000w\000a\000t\000c\000h\000e\000r\000\050\000\051}{subsection.4.5.2}% 44
\BOOKMARK [2][-]{subsection.4.5.3}{\376\377\0004\000.\0005\000.\0003\000\040\000V\000a\000r\000i\000a\000b\000l\000e\000n\000-\000D\000o\000k\000u\000m\000e\000n\000t\000a\000t\000i\000o\000n}{section.4.5}% 45
\BOOKMARK [3][-]{subsubsection.4.5.3.1}{\376\377\0004\000.\0005\000.\0003\000.\0001\000\040\000a\000u\000t\000o\000r\000e\000s\000e\000t}{subsection.4.5.3}% 46
\BOOKMARK [0][-]{chapter.5}{\376\377\0005\000\040\000D\000a\000t\000e\000i\000-\000D\000o\000k\000u\000m\000e\000n\000t\000a\000t\000i\000o\000n}{}% 47
\BOOKMARK [1][-]{section.5.1}{\376\377\0005\000.\0001\000\040\000a\000r\000c\000h\000i\000t\000e\000k\000t\000u\000r\000.\000p\000n\000g\000-\000D\000a\000t\000e\000i\000r\000e\000f\000e\000r\000e\000n\000z}{chapter.5}% 48
\BOOKMARK [1][-]{section.5.2}{\376\377\0005\000.\0002\000\040\000d\000a\000t\000a\000\137\000m\000a\000n\000a\000g\000e\000r\000.\000p\000y\000-\000D\000a\000t\000e\000i\000r\000e\000f\000e\000r\000e\000n\000z}{chapter.5}% 49
\BOOKMARK [1][-]{section.5.3}{\376\377\0005\000.\0003\000\040\000d\000i\000s\000c\000o\000v\000e\000r\000y\000\137\000c\000o\000m\000m\000.\000p\000y\000-\000D\000a\000t\000e\000i\000r\000e\000f\000e\000r\000e\000n\000z}{chapter.5}% 50
\BOOKMARK [1][-]{section.5.4}{\376\377\0005\000.\0004\000\040\000S\000t\000r\000a\000n\000d\000.\000j\000p\000g\000-\000D\000a\000t\000e\000i\000r\000e\000f\000e\000r\000e\000n\000z}{chapter.5}% 51
\BOOKMARK [1][-]{section.5.5}{\376\377\0005\000.\0005\000\040\000m\000a\000i\000n\000p\000a\000g\000e\000.\000d\000o\000x\000-\000D\000a\000t\000e\000i\000r\000e\000f\000e\000r\000e\000n\000z}{chapter.5}% 52
\BOOKMARK [1][-]{section.5.6}{\376\377\0005\000.\0006\000\040\000n\000e\000t\000w\000o\000r\000k\000\137\000c\000o\000m\000m\000.\000p\000y\000-\000D\000a\000t\000e\000i\000r\000e\000f\000e\000r\000e\000n\000z}{chapter.5}% 53
\BOOKMARK [1][-]{section.5.7}{\376\377\0005\000.\0007\000\040\000s\000c\000r\000e\000e\000n\000s\000h\000o\000t\000\137\000c\000l\000i\000.\000p\000n\000g\000-\000D\000a\000t\000e\000i\000r\000e\000f\000e\000r\000e\000n\000z}{chapter.5}% 54
\BOOKMARK [1][-]{section.5.8}{\376\377\0005\000.\0008\000\040\000s\000c\000r\000e\000e\000n\000s\000h\000o\000t\000\137\000c\000l\000i\000\137\0002\000.\000p\000n\000g\000-\000D\000a\000t\000e\000i\000r\000e\000f\000e\000r\000e\000n\000z}{chapter.5}% 55
\BOOKMARK [1][-]{section.5.9}{\376\377\0005\000.\0009\000\040\000s\000t\000a\000r\000t\000.\000p\000y\000-\000D\000a\000t\000e\000i\000r\000e\000f\000e\000r\000e\000n\000z}{chapter.5}% 56
\BOOKMARK [1][-]{section.5.10}{\376\377\0005\000.\0001\0000\000\040\000u\000i\000\137\000c\000l\000i\000.\000p\000y\000-\000D\000a\000t\000e\000i\000r\000e\000f\000e\000r\000e\000n\000z}{chapter.5}% 57
